# JRE version: OpenJDK Runtime Environment Temurin-17.0.10+7 (17.0.10+7) (build 17.0.10+7)
# Java VM: OpenJDK 64-Bit Server VM Temurin-17.0.10+7 (17.0.10+7, mixed mode, tiered, compressed oops, compressed class ptrs, parallel gc, windows-amd64)
GC Precious Log:
 CPUs: 8 total, 8 available
 Memory: 16064M
 Large Page Support: Disabled
 NUMA Support: Disabled
 Compressed Oops: Enabled (32-bit)
 Alignments: Space 512K, Generation 512K, Heap 2M
 Heap Min Capacity: 100M
 Heap Initial Capacity: 100M
 Heap Max Capacity: 2G
 Pre-touch: Disabled
 Parallel Workers: 8
Heap:
 PSYoungGen      total 23040K, used 9857K [0x00000000d5580000, 0x00000000d6d80000, 0x0000000100000000)
  eden space 21504K, 45% used [0x00000000d5580000,0x00000000d5f20670,0x00000000d6a80000)
  from space 1536K, 0% used [0x00000000d6c00000,0x00000000d6c00000,0x00000000d6d80000)
  to   space 1536K, 0% used [0x00000000d6a80000,0x00000000d6a80000,0x00000000d6c00000)
 ParOldGen       total 68608K, used 39791K [0x0000000080000000, 0x0000000084300000, 0x00000000d5580000)
  object space 68608K, 57% used [0x0000000080000000,0x00000000826dbcc0,0x0000000084300000)
 Metaspace       used 59673K, committed 60928K, reserved 1114112K
  class space    used 6479K, committed 7040K, reserved 1048576K
GC Heap History (20 events):
Event: 11.978 GC heap before
{Heap before GC invocations=22 (full 2):
 PSYoungGen      total 24064K, used 23648K [0x00000000d5580000, 0x00000000d6f80000, 0x0000000100000000)
  eden space 21504K, 100% used [0x00000000d5580000,0x00000000d6a80000,0x00000000d6a80000)
  from space 2560K, 83% used [0x00000000d6a80000,0x00000000d6c98010,0x00000000d6d00000)
  to   space 2560K, 0% used [0x00000000d6d00000,0x00000000d6d00000,0x00000000d6f80000)
 ParOldGen       total 68608K, used 25381K [0x0000000080000000, 0x0000000084300000, 0x00000000d5580000)
  object space 68608K, 36% used [0x0000000080000000,0x00000000818c9428,0x0000000084300000)
 Metaspace       used 52798K, committed 53952K, reserved 1114112K
  class space    used 5751K, committed 6272K, reserved 1048576K
}
Event: 11.981 GC heap after
{Heap after GC invocations=22 (full 2):
 PSYoungGen      total 24064K, used 2272K [0x00000000d5580000, 0x00000000d6f80000, 0x0000000100000000)
  eden space 21504K, 0% used [0x00000000d5580000,0x00000000d5580000,0x00000000d6a80000)
  from space 2560K, 88% used [0x00000000d6d00000,0x00000000d6f38010,0x00000000d6f80000)
  to   space 2560K, 0% used [0x00000000d6a80000,0x00000000d6a80000,0x00000000d6d00000)
 ParOldGen       total 68608K, used 27365K [0x0000000080000000, 0x0000000084300000, 0x00000000d5580000)
  object space 68608K, 39% used [0x0000000080000000,0x0000000081ab9428,0x0000000084300000)
 Metaspace       used 52798K, committed 53952K, reserved 1114112K
  class space    used 5751K, committed 6272K, reserved 1048576K
}
Event: 12.060 GC heap before
{Heap before GC invocations=23 (full 2):
 PSYoungGen      total 24064K, used 23776K [0x00000000d5580000, 0x00000000d6f80000, 0x0000000100000000)
  eden space 21504K, 100% used [0x00000000d5580000,0x00000000d6a80000,0x00000000d6a80000)
  from space 2560K, 88% used [0x00000000d6d00000,0x00000000d6f38010,0x00000000d6f80000)
  to   space 2560K, 0% used [0x00000000d6a80000,0x00000000d6a80000,0x00000000d6d00000)
 ParOldGen       total 68608K, used 27365K [0x0000000080000000, 0x0000000084300000, 0x00000000d5580000)
  object space 68608K, 39% used [0x0000000080000000,0x0000000081ab9428,0x0000000084300000)
 Metaspace       used 52804K, committed 53952K, reserved 1114112K
  class space    used 5751K, committed 6272K, reserved 1048576K
}
Event: 12.063 GC heap after
{Heap after GC invocations=23 (full 2):
 PSYoungGen      total 24064K, used 2432K [0x00000000d5580000, 0x00000000d6f80000, 0x0000000100000000)
  eden space 21504K, 0% used [0x00000000d5580000,0x00000000d5580000,0x00000000d6a80000)
  from space 2560K, 95% used [0x00000000d6a80000,0x00000000d6ce0000,0x00000000d6d00000)
  to   space 2560K, 0% used [0x00000000d6d00000,0x00000000d6d00000,0x00000000d6f80000)
 ParOldGen       total 68608K, used 29523K [0x0000000080000000, 0x0000000084300000, 0x00000000d5580000)
  object space 68608K, 43% used [0x0000000080000000,0x0000000081cd4ff8,0x0000000084300000)
 Metaspace       used 52804K, committed 53952K, reserved 1114112K
  class space    used 5751K, committed 6272K, reserved 1048576K
}
Event: 12.171 GC heap before
{Heap before GC invocations=24 (full 2):
 PSYoungGen      total 24064K, used 23936K [0x00000000d5580000, 0x00000000d6f80000, 0x0000000100000000)
  eden space 21504K, 100% used [0x00000000d5580000,0x00000000d6a80000,0x00000000d6a80000)
  from space 2560K, 95% used [0x00000000d6a80000,0x00000000d6ce0000,0x00000000d6d00000)
  to   space 2560K, 0% used [0x00000000d6d00000,0x00000000d6d00000,0x00000000d6f80000)
 ParOldGen       total 68608K, used 29523K [0x0000000080000000, 0x0000000084300000, 0x00000000d5580000)
  object space 68608K, 43% used [0x0000000080000000,0x0000000081cd4ff8,0x0000000084300000)
 Metaspace       used 52805K, committed 53952K, reserved 1114112K
  class space    used 5751K, committed 6272K, reserved 1048576K
}
Event: 12.175 GC heap after
{Heap after GC invocations=24 (full 2):
 PSYoungGen      total 24064K, used 2496K [0x00000000d5580000, 0x00000000d6f80000, 0x0000000100000000)
  eden space 21504K, 0% used [0x00000000d5580000,0x00000000d5580000,0x00000000d6a80000)
  from space 2560K, 97% used [0x00000000d6d00000,0x00000000d6f70010,0x00000000d6f80000)
  to   space 2560K, 0% used [0x00000000d6a80000,0x00000000d6a80000,0x00000000d6d00000)
 ParOldGen       total 68608K, used 31867K [0x0000000080000000, 0x0000000084300000, 0x00000000d5580000)
  object space 68608K, 46% used [0x0000000080000000,0x0000000081f1eff8,0x0000000084300000)
 Metaspace       used 52805K, committed 53952K, reserved 1114112K
  class space    used 5751K, committed 6272K, reserved 1048576K
}
Event: 12.682 GC heap before
{Heap before GC invocations=25 (full 2):
 PSYoungGen      total 24064K, used 24000K [0x00000000d5580000, 0x00000000d6f80000, 0x0000000100000000)
  eden space 21504K, 100% used [0x00000000d5580000,0x00000000d6a80000,0x00000000d6a80000)
  from space 2560K, 97% used [0x00000000d6d00000,0x00000000d6f70010,0x00000000d6f80000)
  to   space 2560K, 0% used [0x00000000d6a80000,0x00000000d6a80000,0x00000000d6d00000)
 ParOldGen       total 68608K, used 31867K [0x0000000080000000, 0x0000000084300000, 0x00000000d5580000)
  object space 68608K, 46% used [0x0000000080000000,0x0000000081f1eff8,0x0000000084300000)
 Metaspace       used 53917K, committed 55040K, reserved 1114112K
  class space    used 5865K, committed 6336K, reserved 1048576K
}
Event: 12.688 GC heap after
{Heap after GC invocations=25 (full 2):
 PSYoungGen      total 24064K, used 2544K [0x00000000d5580000, 0x00000000d6f80000, 0x0000000100000000)
  eden space 21504K, 0% used [0x00000000d5580000,0x00000000d5580000,0x00000000d6a80000)
  from space 2560K, 99% used [0x00000000d6a80000,0x00000000d6cfc010,0x00000000d6d00000)
  to   space 2560K, 0% used [0x00000000d6d00000,0x00000000d6d00000,0x00000000d6f80000)
 ParOldGen       total 68608K, used 34250K [0x0000000080000000, 0x0000000084300000, 0x00000000d5580000)
  object space 68608K, 49% used [0x0000000080000000,0x0000000082172888,0x0000000084300000)
 Metaspace       used 53917K, committed 55040K, reserved 1114112K
  class space    used 5865K, committed 6336K, reserved 1048576K
}
Event: 12.920 GC heap before
{Heap before GC invocations=26 (full 2):
 PSYoungGen      total 24064K, used 24048K [0x00000000d5580000, 0x00000000d6f80000, 0x0000000100000000)
  eden space 21504K, 100% used [0x00000000d5580000,0x00000000d6a80000,0x00000000d6a80000)
  from space 2560K, 99% used [0x00000000d6a80000,0x00000000d6cfc010,0x00000000d6d00000)
  to   space 2560K, 0% used [0x00000000d6d00000,0x00000000d6d00000,0x00000000d6f80000)
 ParOldGen       total 68608K, used 34250K [0x0000000080000000, 0x0000000084300000, 0x00000000d5580000)
  object space 68608K, 49% used [0x0000000080000000,0x0000000082172888,0x0000000084300000)
 Metaspace       used 54804K, committed 55936K, reserved 1114112K
  class space    used 5958K, committed 6464K, reserved 1048576K
}
Event: 12.925 GC heap after
{Heap after GC invocations=26 (full 2):
 PSYoungGen      total 24064K, used 2155K [0x00000000d5580000, 0x00000000d6f80000, 0x0000000100000000)
  eden space 21504K, 0% used [0x00000000d5580000,0x00000000d5580000,0x00000000d6a80000)
  from space 2560K, 84% used [0x00000000d6d00000,0x00000000d6f1ad68,0x00000000d6f80000)
  to   space 2560K, 0% used [0x00000000d6a80000,0x00000000d6a80000,0x00000000d6d00000)
 ParOldGen       total 68608K, used 36669K [0x0000000080000000, 0x0000000084300000, 0x00000000d5580000)
  object space 68608K, 53% used [0x0000000080000000,0x00000000823cf448,0x0000000084300000)
 Metaspace       used 54804K, committed 55936K, reserved 1114112K
  class space    used 5958K, committed 6464K, reserved 1048576K
}
Event: 13.250 GC heap before
{Heap before GC invocations=27 (full 2):
 PSYoungGen      total 24064K, used 23659K [0x00000000d5580000, 0x00000000d6f80000, 0x0000000100000000)
  eden space 21504K, 100% used [0x00000000d5580000,0x00000000d6a80000,0x00000000d6a80000)
  from space 2560K, 84% used [0x00000000d6d00000,0x00000000d6f1ad68,0x00000000d6f80000)
  to   space 2560K, 0% used [0x00000000d6a80000,0x00000000d6a80000,0x00000000d6d00000)
 ParOldGen       total 68608K, used 36669K [0x0000000080000000, 0x0000000084300000, 0x00000000d5580000)
  object space 68608K, 53% used [0x0000000080000000,0x00000000823cf448,0x0000000084300000)
 Metaspace       used 56763K, committed 57920K, reserved 1114112K
  class space    used 6187K, committed 6656K, reserved 1048576K
}
Event: 13.257 GC heap after
{Heap after GC invocations=27 (full 2):
 PSYoungGen      total 23552K, used 1705K [0x00000000d5580000, 0x00000000d6e80000, 0x0000000100000000)
  eden space 21504K, 0% used [0x00000000d5580000,0x00000000d5580000,0x00000000d6a80000)
  from space 2048K, 83% used [0x00000000d6a80000,0x00000000d6c2a6d0,0x00000000d6c80000)
  to   space 2048K, 0% used [0x00000000d6c80000,0x00000000d6c80000,0x00000000d6e80000)
 ParOldGen       total 68608K, used 38280K [0x0000000080000000, 0x0000000084300000, 0x00000000d5580000)
  object space 68608K, 55% used [0x0000000080000000,0x0000000082562148,0x0000000084300000)
 Metaspace       used 56763K, committed 57920K, reserved 1114112K
  class space    used 6187K, committed 6656K, reserved 1048576K
}
Event: 13.562 GC heap before
{Heap before GC invocations=28 (full 2):
 PSYoungGen      total 23552K, used 23209K [0x00000000d5580000, 0x00000000d6e80000, 0x0000000100000000)
  eden space 21504K, 100% used [0x00000000d5580000,0x00000000d6a80000,0x00000000d6a80000)
  from space 2048K, 83% used [0x00000000d6a80000,0x00000000d6c2a6d0,0x00000000d6c80000)
  to   space 2048K, 0% used [0x00000000d6c80000,0x00000000d6c80000,0x00000000d6e80000)
 ParOldGen       total 68608K, used 38280K [0x0000000080000000, 0x0000000084300000, 0x00000000d5580000)
  object space 68608K, 55% used [0x0000000080000000,0x0000000082562148,0x0000000084300000)
 Metaspace       used 57301K, committed 58496K, reserved 1114112K
  class space    used 6260K, committed 6784K, reserved 1048576K
}
Event: 13.564 GC heap after
{Heap after GC invocations=28 (full 2):
 PSYoungGen      total 23552K, used 1472K [0x00000000d5580000, 0x00000000d6e80000, 0x0000000100000000)
  eden space 21504K, 0% used [0x00000000d5580000,0x00000000d5580000,0x00000000d6a80000)
  from space 2048K, 71% used [0x00000000d6c80000,0x00000000d6df0000,0x00000000d6e80000)
  to   space 2048K, 0% used [0x00000000d6a80000,0x00000000d6a80000,0x00000000d6c80000)
 ParOldGen       total 68608K, used 39737K [0x0000000080000000, 0x0000000084300000, 0x00000000d5580000)
  object space 68608K, 57% used [0x0000000080000000,0x00000000826ce610,0x0000000084300000)
 Metaspace       used 57301K, committed 58496K, reserved 1114112K
  class space    used 6260K, committed 6784K, reserved 1048576K
}
Event: 13.891 GC heap before
{Heap before GC invocations=29 (full 2):
 PSYoungGen      total 23552K, used 22976K [0x00000000d5580000, 0x00000000d6e80000, 0x0000000100000000)
  eden space 21504K, 100% used [0x00000000d5580000,0x00000000d6a80000,0x00000000d6a80000)
  from space 2048K, 71% used [0x00000000d6c80000,0x00000000d6df0000,0x00000000d6e80000)
  to   space 2048K, 0% used [0x00000000d6a80000,0x00000000d6a80000,0x00000000d6c80000)
 ParOldGen       total 68608K, used 39737K [0x0000000080000000, 0x0000000084300000, 0x00000000d5580000)
  object space 68608K, 57% used [0x0000000080000000,0x00000000826ce610,0x0000000084300000)
 Metaspace       used 57913K, committed 59200K, reserved 1114112K
  class space    used 6307K, committed 6848K, reserved 1048576K
}
Event: 13.893 GC heap after
{Heap after GC invocations=29 (full 2):
 PSYoungGen      total 23040K, used 1120K [0x00000000d5580000, 0x00000000d6d80000, 0x0000000100000000)
  eden space 21504K, 0% used [0x00000000d5580000,0x00000000d5580000,0x00000000d6a80000)
  from space 1536K, 72% used [0x00000000d6a80000,0x00000000d6b98000,0x00000000d6c00000)
  to   space 1536K, 0% used [0x00000000d6c00000,0x00000000d6c00000,0x00000000d6d80000)
 ParOldGen       total 68608K, used 40911K [0x0000000080000000, 0x0000000084300000, 0x00000000d5580000)
  object space 68608K, 59% used [0x0000000080000000,0x00000000827f3d18,0x0000000084300000)
 Metaspace       used 57913K, committed 59200K, reserved 1114112K
  class space    used 6307K, committed 6848K, reserved 1048576K
}
Event: 14.257 GC heap before
{Heap before GC invocations=30 (full 2):
 PSYoungGen      total 23040K, used 22478K [0x00000000d5580000, 0x00000000d6d80000, 0x0000000100000000)
  eden space 21504K, 99% used [0x00000000d5580000,0x00000000d6a5bbe0,0x00000000d6a80000)
  from space 1536K, 72% used [0x00000000d6a80000,0x00000000d6b98000,0x00000000d6c00000)
  to   space 1536K, 0% used [0x00000000d6c00000,0x00000000d6c00000,0x00000000d6d80000)
 ParOldGen       total 68608K, used 40911K [0x0000000080000000, 0x0000000084300000, 0x00000000d5580000)
  object space 68608K, 59% used [0x0000000080000000,0x00000000827f3d18,0x0000000084300000)
 Metaspace       used 58661K, committed 59776K, reserved 1114112K
  class space    used 6361K, committed 6848K, reserved 1048576K
}
Event: 14.259 GC heap after
{Heap after GC invocations=30 (full 2):
 PSYoungGen      total 23040K, used 1042K [0x00000000d5580000, 0x00000000d6d80000, 0x0000000100000000)
  eden space 21504K, 0% used [0x00000000d5580000,0x00000000d5580000,0x00000000d6a80000)
  from space 1536K, 67% used [0x00000000d6c00000,0x00000000d6d04a20,0x00000000d6d80000)
  to   space 1536K, 0% used [0x00000000d6a80000,0x00000000d6a80000,0x00000000d6c00000)
 ParOldGen       total 68608K, used 41871K [0x0000000080000000, 0x0000000084300000, 0x00000000d5580000)
  object space 68608K, 61% used [0x0000000080000000,0x00000000828e3d18,0x0000000084300000)
 Metaspace       used 58661K, committed 59776K, reserved 1114112K
  class space    used 6361K, committed 6848K, reserved 1048576K
}
Event: 14.259 GC heap before
{Heap before GC invocations=31 (full 3):
 PSYoungGen      total 23040K, used 1042K [0x00000000d5580000, 0x00000000d6d80000, 0x0000000100000000)
  eden space 21504K, 0% used [0x00000000d5580000,0x00000000d5580000,0x00000000d6a80000)
  from space 1536K, 67% used [0x00000000d6c00000,0x00000000d6d04a20,0x00000000d6d80000)
  to   space 1536K, 0% used [0x00000000d6a80000,0x00000000d6a80000,0x00000000d6c00000)
 ParOldGen       total 68608K, used 41871K [0x0000000080000000, 0x0000000084300000, 0x00000000d5580000)
  object space 68608K, 61% used [0x0000000080000000,0x00000000828e3d18,0x0000000084300000)
 Metaspace       used 58661K, committed 59776K, reserved 1114112K
  class space    used 6361K, committed 6848K, reserved 1048576K
}
Event: 14.361 GC heap after
{Heap after GC invocations=31 (full 3):
 PSYoungGen      total 23040K, used 0K [0x00000000d5580000, 0x00000000d6d80000, 0x0000000100000000)
  eden space 21504K, 0% used [0x00000000d5580000,0x00000000d5580000,0x00000000d6a80000)
  from space 1536K, 0% used [0x00000000d6c00000,0x00000000d6c00000,0x00000000d6d80000)
  to   space 1536K, 0% used [0x00000000d6a80000,0x00000000d6a80000,0x00000000d6c00000)
 ParOldGen       total 68608K, used 39791K [0x0000000080000000, 0x0000000084300000, 0x00000000d5580000)
  object space 68608K, 57% used [0x0000000080000000,0x00000000826dbcc0,0x0000000084300000)
 Metaspace       used 58661K, committed 59776K, reserved 1114112K
  class space    used 6361K, committed 6848K, reserved 1048576K
}

